<?xml version="1.0" encoding="UTF-8"?>
<testsuite xmlns:xsi="http://www.w3.org/2001/XMLSchema-instance" xsi:noNamespaceSchemaLocation="https://maven.apache.org/surefire/maven-surefire-plugin/xsd/surefire-test-report-3.0.xsd" version="3.0" name="com.food.ordering.system.order.service.domain.OrderApplicationServiceTest" time="9.199" tests="4" errors="0" skipped="0" failures="0">
  <properties>
[...]
</properties>
  <testcase name="testCreateOrderWithWrongTotalPrice" classname="com.food.ordering.system.order.service.domain.OrderApplicationServiceTest" time="0.313">
    <system-out><![CDATA[
  .   ____          _            __ _ _
 /\\ / ___'_ __ _ _(_)_ __  __ _ \ \ \ \
( ( )\___ | '_ | '_| | '_ \/ _` | \ \ \ \
 \\/  ___)| |_)| | | | | || (_| |  ) ) ) )
  '  |____| .__|_| |_|_| |_\__, | / / / /
 =========|_|==============|___/=/_/_/_/
 :: Spring Boot ::                (v3.1.4)

2023-12-20T15:39:51.591-03:00  INFO 23796 --- [           main] .f.o.s.o.s.d.OrderApplicationServiceTest : Starting OrderApplicationServiceTest using Java 19.0.2 with PID 23796 (started by victo in C:\Users\victo\Documents\desarrollo\java\food-ordering-system\order-service\order-domain\order-application-service)
2023-12-20T15:39:51.596-03:00  INFO 23796 --- [           main] .f.o.s.o.s.d.OrderApplicationServiceTest : No active profile set, falling back to 1 default profile: "default"
2023-12-20T15:39:57.809-03:00  INFO 23796 --- [           main] .f.o.s.o.s.d.OrderApplicationServiceTest : Started OrderApplicationServiceTest in 7.218 seconds (process running for 10.364)
]]></system-out>
  </testcase>
  <testcase name="testCreateOrder" classname="com.food.ordering.system.order.service.domain.OrderApplicationServiceTest" time="0.034">
    <system-out><![CDATA[2023-12-20T15:39:58.352-03:00  INFO 23796 --- [           main] c.f.o.s.o.s.d.OrderDomainServiceImpl     : Order with Id: 57e926b6-9430-4186-a8bb-2fe7b34bb917 is initialized
2023-12-20T15:39:58.359-03:00  INFO 23796 --- [           main] c.f.o.s.o.s.domain.OrderCreateHelper     : Order is saved with id: 15a497c1-0f4b-4eff-b9f4-c402c8c07afb
2023-12-20T15:39:58.360-03:00  INFO 23796 --- [           main] c.f.o.s.o.s.domain.OrderCreateHelper     : Order is created with id: com.food.ordering.system.domain.valueobject.OrderId@d829f1df
2023-12-20T15:39:58.360-03:00  INFO 23796 --- [           main] c.f.o.s.o.s.d.OrderCreateCommandHandler  : Order is created with id: 57e926b6-9430-4186-a8bb-2fe7b34bb917
]]></system-out>
  </testcase>
  <testcase name="testCreateOrderWithWrongProductPrice" classname="com.food.ordering.system.order.service.domain.OrderApplicationServiceTest" time="0.017"/>
  <testcase name="testCreateOrderWithPassiveRestaurant" classname="com.food.ordering.system.order.service.domain.OrderApplicationServiceTest" time="0.013"/>
</testsuite>